# JRE version: OpenJDK Runtime Environment Temurin-17.0.12+7 (17.0.12+7) (build 17.0.12+7)
# Java VM: OpenJDK 64-Bit Server VM Temurin-17.0.12+7 (17.0.12+7, mixed mode, tiered, compressed oops, compressed class ptrs, parallel gc, windows-amd64)
GC Precious Log:
 CPUs: 8 total, 8 available
 Memory: 3979M
 Large Page Support: Disabled
 NUMA Support: Disabled
 Compressed Oops: Enabled (32-bit)
 Alignments: Space 512K, Generation 512K, Heap 2M
 Heap Min Capacity: 100M
 Heap Initial Capacity: 100M
 Heap Max Capacity: 1G
 Pre-touch: Disabled
 Parallel Workers: 8
Heap:
 PSYoungGen      total 61952K, used 4295K [0x00000000eab00000, 0x00000000ef880000, 0x0000000100000000)
  eden space 59392K, 3% used [0x00000000eab00000,0x00000000ead11f50,0x00000000ee500000)
  from space 2560K, 85% used [0x00000000ef600000,0x00000000ef820000,0x00000000ef880000)
  to   space 5120K, 0% used [0x00000000eee80000,0x00000000eee80000,0x00000000ef380000)
 ParOldGen       total 322560K, used 308666K [0x00000000c0000000, 0x00000000d3b00000, 0x00000000eab00000)
  object space 322560K, 95% used [0x00000000c0000000,0x00000000d2d6ea78,0x00000000d3b00000)
 Metaspace       used 81591K, committed 83008K, reserved 1179648K
  class space    used 8327K, committed 8960K, reserved 1048576K
GC Heap History (20 events):
Event: 176.453 GC heap before
{Heap before GC invocations=249 (full 14):
 PSYoungGen      total 62976K, used 52224K [0x00000000eab00000, 0x00000000ef880000, 0x0000000100000000)
  eden space 52224K, 100% used [0x00000000eab00000,0x00000000ede00000,0x00000000ede00000)
  from space 10752K, 0% used [0x00000000ede00000,0x00000000ede00000,0x00000000ee880000)
  to   space 10752K, 0% used [0x00000000eee00000,0x00000000eee00000,0x00000000ef880000)
 ParOldGen       total 322560K, used 254232K [0x00000000c0000000, 0x00000000d3b00000, 0x00000000eab00000)
  object space 322560K, 78% used [0x00000000c0000000,0x00000000cf846088,0x00000000d3b00000)
 Metaspace       used 80719K, committed 82048K, reserved 1179648K
  class space    used 8250K, committed 8832K, reserved 1048576K
}
Event: 176.589 GC heap after
{Heap after GC invocations=249 (full 14):
 PSYoungGen      total 64000K, used 6546K [0x00000000eab00000, 0x00000000ef480000, 0x0000000100000000)
  eden space 57344K, 0% used [0x00000000eab00000,0x00000000eab00000,0x00000000ee300000)
  from space 6656K, 98% used [0x00000000eee00000,0x00000000ef4649a8,0x00000000ef480000)
  to   space 7680K, 0% used [0x00000000ee580000,0x00000000ee580000,0x00000000eed00000)
 ParOldGen       total 322560K, used 254232K [0x00000000c0000000, 0x00000000d3b00000, 0x00000000eab00000)
  object space 322560K, 78% used [0x00000000c0000000,0x00000000cf846088,0x00000000d3b00000)
 Metaspace       used 80719K, committed 82048K, reserved 1179648K
  class space    used 8250K, committed 8832K, reserved 1048576K
}
Event: 177.006 GC heap before
{Heap before GC invocations=250 (full 14):
 PSYoungGen      total 64000K, used 63890K [0x00000000eab00000, 0x00000000ef480000, 0x0000000100000000)
  eden space 57344K, 100% used [0x00000000eab00000,0x00000000ee300000,0x00000000ee300000)
  from space 6656K, 98% used [0x00000000eee00000,0x00000000ef4649a8,0x00000000ef480000)
  to   space 7680K, 0% used [0x00000000ee580000,0x00000000ee580000,0x00000000eed00000)
 ParOldGen       total 322560K, used 254232K [0x00000000c0000000, 0x00000000d3b00000, 0x00000000eab00000)
  object space 322560K, 78% used [0x00000000c0000000,0x00000000cf846088,0x00000000d3b00000)
 Metaspace       used 80784K, committed 82112K, reserved 1179648K
  class space    used 8257K, committed 8832K, reserved 1048576K
}
Event: 177.019 GC heap after
{Heap after GC invocations=250 (full 14):
 PSYoungGen      total 67584K, used 7649K [0x00000000eab00000, 0x00000000f0200000, 0x0000000100000000)
  eden space 59904K, 0% used [0x00000000eab00000,0x00000000eab00000,0x00000000ee580000)
  from space 7680K, 99% used [0x00000000ee580000,0x00000000eecf8458,0x00000000eed00000)
  to   space 13312K, 0% used [0x00000000ef500000,0x00000000ef500000,0x00000000f0200000)
 ParOldGen       total 322560K, used 258732K [0x00000000c0000000, 0x00000000d3b00000, 0x00000000eab00000)
  object space 322560K, 80% used [0x00000000c0000000,0x00000000cfcab298,0x00000000d3b00000)
 Metaspace       used 80784K, committed 82112K, reserved 1179648K
  class space    used 8257K, committed 8832K, reserved 1048576K
}
Event: 177.699 GC heap before
{Heap before GC invocations=251 (full 14):
 PSYoungGen      total 67584K, used 67553K [0x00000000eab00000, 0x00000000f0200000, 0x0000000100000000)
  eden space 59904K, 100% used [0x00000000eab00000,0x00000000ee580000,0x00000000ee580000)
  from space 7680K, 99% used [0x00000000ee580000,0x00000000eecf8458,0x00000000eed00000)
  to   space 13312K, 0% used [0x00000000ef500000,0x00000000ef500000,0x00000000f0200000)
 ParOldGen       total 322560K, used 258732K [0x00000000c0000000, 0x00000000d3b00000, 0x00000000eab00000)
  object space 322560K, 80% used [0x00000000c0000000,0x00000000cfcab298,0x00000000d3b00000)
 Metaspace       used 80819K, committed 82176K, reserved 1179648K
  class space    used 8260K, committed 8832K, reserved 1048576K
}
Event: 177.722 GC heap after
{Heap after GC invocations=251 (full 14):
 PSYoungGen      total 72704K, used 8064K [0x00000000eab00000, 0x00000000efd00000, 0x0000000100000000)
  eden space 64512K, 0% used [0x00000000eab00000,0x00000000eab00000,0x00000000eea00000)
  from space 8192K, 98% used [0x00000000ef500000,0x00000000efce0008,0x00000000efd00000)
  to   space 9728K, 0% used [0x00000000eea00000,0x00000000eea00000,0x00000000ef380000)
 ParOldGen       total 322560K, used 265721K [0x00000000c0000000, 0x00000000d3b00000, 0x00000000eab00000)
  object space 322560K, 82% used [0x00000000c0000000,0x00000000d037e650,0x00000000d3b00000)
 Metaspace       used 80819K, committed 82176K, reserved 1179648K
  class space    used 8260K, committed 8832K, reserved 1048576K
}
Event: 178.272 GC heap before
{Heap before GC invocations=252 (full 14):
 PSYoungGen      total 72704K, used 72576K [0x00000000eab00000, 0x00000000efd00000, 0x0000000100000000)
  eden space 64512K, 100% used [0x00000000eab00000,0x00000000eea00000,0x00000000eea00000)
  from space 8192K, 98% used [0x00000000ef500000,0x00000000efce0008,0x00000000efd00000)
  to   space 9728K, 0% used [0x00000000eea00000,0x00000000eea00000,0x00000000ef380000)
 ParOldGen       total 322560K, used 265721K [0x00000000c0000000, 0x00000000d3b00000, 0x00000000eab00000)
  object space 322560K, 82% used [0x00000000c0000000,0x00000000d037e650,0x00000000d3b00000)
 Metaspace       used 80893K, committed 82240K, reserved 1179648K
  class space    used 8271K, committed 8832K, reserved 1048576K
}
Event: 178.292 GC heap after
{Heap after GC invocations=252 (full 14):
 PSYoungGen      total 74240K, used 9696K [0x00000000eab00000, 0x00000000f1080000, 0x0000000100000000)
  eden space 64512K, 0% used [0x00000000eab00000,0x00000000eab00000,0x00000000eea00000)
  from space 9728K, 99% used [0x00000000eea00000,0x00000000ef378028,0x00000000ef380000)
  to   space 17408K, 0% used [0x00000000eff80000,0x00000000eff80000,0x00000000f1080000)
 ParOldGen       total 322560K, used 271792K [0x00000000c0000000, 0x00000000d3b00000, 0x00000000eab00000)
  object space 322560K, 84% used [0x00000000c0000000,0x00000000d096c0d0,0x00000000d3b00000)
 Metaspace       used 80893K, committed 82240K, reserved 1179648K
  class space    used 8271K, committed 8832K, reserved 1048576K
}
Event: 178.889 GC heap before
{Heap before GC invocations=253 (full 14):
 PSYoungGen      total 74240K, used 74208K [0x00000000eab00000, 0x00000000f1080000, 0x0000000100000000)
  eden space 64512K, 100% used [0x00000000eab00000,0x00000000eea00000,0x00000000eea00000)
  from space 9728K, 99% used [0x00000000eea00000,0x00000000ef378028,0x00000000ef380000)
  to   space 17408K, 0% used [0x00000000eff80000,0x00000000eff80000,0x00000000f1080000)
 ParOldGen       total 322560K, used 271792K [0x00000000c0000000, 0x00000000d3b00000, 0x00000000eab00000)
  object space 322560K, 84% used [0x00000000c0000000,0x00000000d096c0d0,0x00000000d3b00000)
 Metaspace       used 80944K, committed 82304K, reserved 1179648K
  class space    used 8276K, committed 8832K, reserved 1048576K
}
Event: 178.921 GC heap after
{Heap after GC invocations=253 (full 14):
 PSYoungGen      total 80384K, used 11462K [0x00000000eab00000, 0x00000000f0b00000, 0x0000000100000000)
  eden space 68608K, 0% used [0x00000000eab00000,0x00000000eab00000,0x00000000eee00000)
  from space 11776K, 97% used [0x00000000eff80000,0x00000000f0ab1a80,0x00000000f0b00000)
  to   space 13312K, 0% used [0x00000000ef100000,0x00000000ef100000,0x00000000efe00000)
 ParOldGen       total 322560K, used 280870K [0x00000000c0000000, 0x00000000d3b00000, 0x00000000eab00000)
  object space 322560K, 87% used [0x00000000c0000000,0x00000000d1249948,0x00000000d3b00000)
 Metaspace       used 80944K, committed 82304K, reserved 1179648K
  class space    used 8276K, committed 8832K, reserved 1048576K
}
Event: 179.469 GC heap before
{Heap before GC invocations=254 (full 14):
 PSYoungGen      total 80384K, used 80070K [0x00000000eab00000, 0x00000000f0b00000, 0x0000000100000000)
  eden space 68608K, 100% used [0x00000000eab00000,0x00000000eee00000,0x00000000eee00000)
  from space 11776K, 97% used [0x00000000eff80000,0x00000000f0ab1a80,0x00000000f0b00000)
  to   space 13312K, 0% used [0x00000000ef100000,0x00000000ef100000,0x00000000efe00000)
 ParOldGen       total 322560K, used 280870K [0x00000000c0000000, 0x00000000d3b00000, 0x00000000eab00000)
  object space 322560K, 87% used [0x00000000c0000000,0x00000000d1249948,0x00000000d3b00000)
 Metaspace       used 81343K, committed 82688K, reserved 1179648K
  class space    used 8319K, committed 8896K, reserved 1048576K
}
Event: 179.484 GC heap after
{Heap after GC invocations=254 (full 14):
 PSYoungGen      total 80384K, used 13296K [0x00000000eab00000, 0x00000000f0a80000, 0x0000000100000000)
  eden space 67072K, 0% used [0x00000000eab00000,0x00000000eab00000,0x00000000eec80000)
  from space 13312K, 99% used [0x00000000ef100000,0x00000000efdfc030,0x00000000efe00000)
  to   space 12800K, 0% used [0x00000000efe00000,0x00000000efe00000,0x00000000f0a80000)
 ParOldGen       total 322560K, used 282034K [0x00000000c0000000, 0x00000000d3b00000, 0x00000000eab00000)
  object space 322560K, 87% used [0x00000000c0000000,0x00000000d136cb50,0x00000000d3b00000)
 Metaspace       used 81343K, committed 82688K, reserved 1179648K
  class space    used 8319K, committed 8896K, reserved 1048576K
}
Event: 180.979 GC heap before
{Heap before GC invocations=255 (full 14):
 PSYoungGen      total 80384K, used 80368K [0x00000000eab00000, 0x00000000f0a80000, 0x0000000100000000)
  eden space 67072K, 100% used [0x00000000eab00000,0x00000000eec80000,0x00000000eec80000)
  from space 13312K, 99% used [0x00000000ef100000,0x00000000efdfc030,0x00000000efe00000)
  to   space 12800K, 0% used [0x00000000efe00000,0x00000000efe00000,0x00000000f0a80000)
 ParOldGen       total 322560K, used 282034K [0x00000000c0000000, 0x00000000d3b00000, 0x00000000eab00000)
  object space 322560K, 87% used [0x00000000c0000000,0x00000000d136cb50,0x00000000d3b00000)
 Metaspace       used 81436K, committed 82880K, reserved 1179648K
  class space    used 8327K, committed 8960K, reserved 1048576K
}
Event: 181.022 GC heap after
{Heap after GC invocations=255 (full 14):
 PSYoungGen      total 68096K, used 2511K [0x00000000eab00000, 0x00000000f0080000, 0x0000000100000000)
  eden space 65536K, 0% used [0x00000000eab00000,0x00000000eab00000,0x00000000eeb00000)
  from space 2560K, 98% used [0x00000000efe00000,0x00000000f0073ce8,0x00000000f0080000)
  to   space 7168K, 0% used [0x00000000ef280000,0x00000000ef280000,0x00000000ef980000)
 ParOldGen       total 322560K, used 295324K [0x00000000c0000000, 0x00000000d3b00000, 0x00000000eab00000)
  object space 322560K, 91% used [0x00000000c0000000,0x00000000d20671a8,0x00000000d3b00000)
 Metaspace       used 81436K, committed 82880K, reserved 1179648K
  class space    used 8327K, committed 8960K, reserved 1048576K
}
Event: 181.537 GC heap before
{Heap before GC invocations=256 (full 14):
 PSYoungGen      total 68096K, used 68047K [0x00000000eab00000, 0x00000000f0080000, 0x0000000100000000)
  eden space 65536K, 100% used [0x00000000eab00000,0x00000000eeb00000,0x00000000eeb00000)
  from space 2560K, 98% used [0x00000000efe00000,0x00000000f0073ce8,0x00000000f0080000)
  to   space 7168K, 0% used [0x00000000ef280000,0x00000000ef280000,0x00000000ef980000)
 ParOldGen       total 322560K, used 295324K [0x00000000c0000000, 0x00000000d3b00000, 0x00000000eab00000)
  object space 322560K, 91% used [0x00000000c0000000,0x00000000d20671a8,0x00000000d3b00000)
 Metaspace       used 81484K, committed 82944K, reserved 1179648K
  class space    used 8327K, committed 8960K, reserved 1048576K
}
Event: 181.546 GC heap after
{Heap after GC invocations=256 (full 14):
 PSYoungGen      total 71168K, used 3178K [0x00000000eab00000, 0x00000000efe80000, 0x0000000100000000)
  eden space 64000K, 0% used [0x00000000eab00000,0x00000000eab00000,0x00000000ee980000)
  from space 7168K, 44% used [0x00000000ef280000,0x00000000ef59a9b8,0x00000000ef980000)
  to   space 4096K, 0% used [0x00000000efa80000,0x00000000efa80000,0x00000000efe80000)
 ParOldGen       total 322560K, used 295324K [0x00000000c0000000, 0x00000000d3b00000, 0x00000000eab00000)
  object space 322560K, 91% used [0x00000000c0000000,0x00000000d20671a8,0x00000000d3b00000)
 Metaspace       used 81484K, committed 82944K, reserved 1179648K
  class space    used 8327K, committed 8960K, reserved 1048576K
}
Event: 182.246 GC heap before
{Heap before GC invocations=257 (full 14):
 PSYoungGen      total 71168K, used 67178K [0x00000000eab00000, 0x00000000efe80000, 0x0000000100000000)
  eden space 64000K, 100% used [0x00000000eab00000,0x00000000ee980000,0x00000000ee980000)
  from space 7168K, 44% used [0x00000000ef280000,0x00000000ef59a9b8,0x00000000ef980000)
  to   space 4096K, 0% used [0x00000000efa80000,0x00000000efa80000,0x00000000efe80000)
 ParOldGen       total 322560K, used 295324K [0x00000000c0000000, 0x00000000d3b00000, 0x00000000eab00000)
  object space 322560K, 91% used [0x00000000c0000000,0x00000000d20671a8,0x00000000d3b00000)
 Metaspace       used 81580K, committed 83008K, reserved 1179648K
  class space    used 8327K, committed 8960K, reserved 1048576K
}
Event: 182.255 GC heap after
{Heap after GC invocations=257 (full 14):
 PSYoungGen      total 66560K, used 4086K [0x00000000eab00000, 0x00000000efe80000, 0x0000000100000000)
  eden space 62464K, 0% used [0x00000000eab00000,0x00000000eab00000,0x00000000ee800000)
  from space 4096K, 99% used [0x00000000efa80000,0x00000000efe7daf0,0x00000000efe80000)
  to   space 8704K, 0% used [0x00000000eed80000,0x00000000eed80000,0x00000000ef600000)
 ParOldGen       total 322560K, used 298996K [0x00000000c0000000, 0x00000000d3b00000, 0x00000000eab00000)
  object space 322560K, 92% used [0x00000000c0000000,0x00000000d23fd1a8,0x00000000d3b00000)
 Metaspace       used 81580K, committed 83008K, reserved 1179648K
  class space    used 8327K, committed 8960K, reserved 1048576K
}
Event: 182.745 GC heap before
{Heap before GC invocations=258 (full 14):
 PSYoungGen      total 66560K, used 66550K [0x00000000eab00000, 0x00000000efe80000, 0x0000000100000000)
  eden space 62464K, 100% used [0x00000000eab00000,0x00000000ee800000,0x00000000ee800000)
  from space 4096K, 99% used [0x00000000efa80000,0x00000000efe7daf0,0x00000000efe80000)
  to   space 8704K, 0% used [0x00000000eed80000,0x00000000eed80000,0x00000000ef600000)
 ParOldGen       total 322560K, used 298996K [0x00000000c0000000, 0x00000000d3b00000, 0x00000000eab00000)
  object space 322560K, 92% used [0x00000000c0000000,0x00000000d23fd1a8,0x00000000d3b00000)
 Metaspace       used 81582K, committed 83008K, reserved 1179648K
  class space    used 8327K, committed 8960K, reserved 1048576K
}
Event: 182.759 GC heap after
{Heap after GC invocations=258 (full 14):
 PSYoungGen      total 69632K, used 8672K [0x00000000eab00000, 0x00000000efb80000, 0x0000000100000000)
  eden space 60928K, 0% used [0x00000000eab00000,0x00000000eab00000,0x00000000ee680000)
  from space 8704K, 99% used [0x00000000eed80000,0x00000000ef5f81a8,0x00000000ef600000)
  to   space 5632K, 0% used [0x00000000ef600000,0x00000000ef600000,0x00000000efb80000)
 ParOldGen       total 322560K, used 300268K [0x00000000c0000000, 0x00000000d3b00000, 0x00000000eab00000)
  object space 322560K, 93% used [0x00000000c0000000,0x00000000d253b1a8,0x00000000d3b00000)
 Metaspace       used 81582K, committed 83008K, reserved 1179648K
  class space    used 8327K, committed 8960K, reserved 1048576K
}

